-------------------------------------------------------------------------------
Test set: TestSuite
-------------------------------------------------------------------------------
Tests run: 4, Failures: 2, Errors: 0, Skipped: 2, Time elapsed: 13.27 s <<< FAILURE! -- in TestSuite
com.qa.opencart.tests.LoginPageTest.setUp[firefox](0) -- Time elapsed: 12.20 s <<< FAILURE!
com.microsoft.playwright.PlaywrightException: 
Error {
  message='Connecting to SELENIUM_REMOTE_URL is only supported by Chromium
  name='Error
  stack='Error: Connecting to SELENIUM_REMOTE_URL is only supported by Chromium
    at Firefox._launchWithSeleniumHub (C:\Users\Papu\AppData\Local\Temp\playwright-java-11820649252697159684\package\lib\server\browserType.js:254:11)
    at C:\Users\Papu\AppData\Local\Temp\playwright-java-11820649252697159684\package\lib\server\browserType.js:63:39
    at ProgressController.run (C:\Users\Papu\AppData\Local\Temp\playwright-java-11820649252697159684\package\lib\server\progress.js:81:23)
    at Firefox.launch (C:\Users\Papu\AppData\Local\Temp\playwright-java-11820649252697159684\package\lib\server\browserType.js:61:38)
    at BrowserTypeDispatcher.launch (C:\Users\Papu\AppData\Local\Temp\playwright-java-11820649252697159684\package\lib\server\dispatchers\browserTypeDispatcher.js:35:40)
    at BrowserTypeDispatcher._handleCommand (C:\Users\Papu\AppData\Local\Temp\playwright-java-11820649252697159684\package\lib\server\dispatchers\dispatcher.js:94:40)
    at DispatcherConnection.dispatch (C:\Users\Papu\AppData\Local\Temp\playwright-java-11820649252697159684\package\lib\server\dispatchers\dispatcher.js:361:39)
}
	at com.microsoft.playwright.impl.WaitableResult.get(WaitableResult.java:56)
	at com.microsoft.playwright.impl.ChannelOwner.runUntil(ChannelOwner.java:120)
	at com.microsoft.playwright.impl.Connection.sendMessage(Connection.java:130)
	at com.microsoft.playwright.impl.ChannelOwner.sendMessage(ChannelOwner.java:106)
	at com.microsoft.playwright.impl.BrowserTypeImpl.launchImpl(BrowserTypeImpl.java:50)
	at com.microsoft.playwright.impl.BrowserTypeImpl.lambda$launch$0(BrowserTypeImpl.java:42)
	at com.microsoft.playwright.impl.LoggingSupport.withLogging(LoggingSupport.java:47)
	at com.microsoft.playwright.impl.ChannelOwner.withLogging(ChannelOwner.java:89)
	at com.microsoft.playwright.impl.BrowserTypeImpl.launch(BrowserTypeImpl.java:42)
	at com.microsoft.playwright.impl.BrowserTypeImpl.launch(BrowserTypeImpl.java:35)
	at com.qa.opencart.playwrightfactory.PlaywrightFactory.initiBrowser(PlaywrightFactory.java:60)
	at com.qa.opencart.base.BaseTest.setUp(BaseTest.java:29)
	at java.base/jdk.internal.reflect.NativeMethodAccessorImpl.invoke0(Native Method)
	at java.base/jdk.internal.reflect.NativeMethodAccessorImpl.invoke(NativeMethodAccessorImpl.java:62)
	at java.base/jdk.internal.reflect.DelegatingMethodAccessorImpl.invoke(DelegatingMethodAccessorImpl.java:43)
	at java.base/java.lang.reflect.Method.invoke(Method.java:566)
	at org.testng.internal.invokers.MethodInvocationHelper.invokeMethod(MethodInvocationHelper.java:141)
	at org.testng.internal.invokers.MethodInvocationHelper.invokeMethodConsideringTimeout(MethodInvocationHelper.java:71)
	at org.testng.internal.invokers.ConfigInvoker.invokeConfigurationMethod(ConfigInvoker.java:400)
	at org.testng.internal.invokers.ConfigInvoker.invokeConfigurations(ConfigInvoker.java:333)
	at org.testng.TestRunner.invokeTestConfigurations(TestRunner.java:655)
	at org.testng.TestRunner.beforeRun(TestRunner.java:644)
	at org.testng.TestRunner.run(TestRunner.java:610)
	at org.testng.SuiteRunner.runTest(SuiteRunner.java:421)
	at org.testng.SuiteRunner$SuiteWorker.run(SuiteRunner.java:463)
	at org.testng.internal.thread.ThreadUtil.lambda$execute$0(ThreadUtil.java:64)
	at java.base/java.util.concurrent.FutureTask.run(FutureTask.java:264)
	at java.base/java.util.concurrent.ThreadPoolExecutor.runWorker(ThreadPoolExecutor.java:1128)
	at java.base/java.util.concurrent.ThreadPoolExecutor$Worker.run(ThreadPoolExecutor.java:628)
	at java.base/java.lang.Thread.run(Thread.java:834)
Caused by: com.microsoft.playwright.impl.DriverException: Error {
  message='Connecting to SELENIUM_REMOTE_URL is only supported by Chromium
  name='Error
  stack='Error: Connecting to SELENIUM_REMOTE_URL is only supported by Chromium
    at Firefox._launchWithSeleniumHub (C:\Users\Papu\AppData\Local\Temp\playwright-java-11820649252697159684\package\lib\server\browserType.js:254:11)
    at C:\Users\Papu\AppData\Local\Temp\playwright-java-11820649252697159684\package\lib\server\browserType.js:63:39
    at ProgressController.run (C:\Users\Papu\AppData\Local\Temp\playwright-java-11820649252697159684\package\lib\server\progress.js:81:23)
    at Firefox.launch (C:\Users\Papu\AppData\Local\Temp\playwright-java-11820649252697159684\package\lib\server\browserType.js:61:38)
    at BrowserTypeDispatcher.launch (C:\Users\Papu\AppData\Local\Temp\playwright-java-11820649252697159684\package\lib\server\dispatchers\browserTypeDispatcher.js:35:40)
    at BrowserTypeDispatcher._handleCommand (C:\Users\Papu\AppData\Local\Temp\playwright-java-11820649252697159684\package\lib\server\dispatchers\dispatcher.js:94:40)
    at DispatcherConnection.dispatch (C:\Users\Papu\AppData\Local\Temp\playwright-java-11820649252697159684\package\lib\server\dispatchers\dispatcher.js:361:39)
}
	at com.microsoft.playwright.impl.Connection.dispatch(Connection.java:259)
	at com.microsoft.playwright.impl.Connection.processOneMessage(Connection.java:211)
	at com.microsoft.playwright.impl.ChannelOwner.runUntil(ChannelOwner.java:118)
	... 28 more

com.qa.opencart.tests.LoginPageTest.verifyLogiPageTitle -- Time elapsed: 0.016 s <<< FAILURE!
java.lang.NullPointerException
	at com.qa.opencart.playwrightfactory.PlaywrightFactory.takeScreenShot(PlaywrightFactory.java:83)
	at com.qa.opencart.listeners.ExtentReportListener.onTestSkipped(ExtentReportListener.java:103)
	at org.testng.internal.TestListenerHelper.runTestListeners(TestListenerHelper.java:106)
	at org.testng.internal.invokers.TestInvoker.runTestResultListener(TestInvoker.java:285)
	at org.testng.internal.invokers.TestInvoker.invokeListenersForSkippedTestResult(TestInvoker.java:523)
	at org.testng.internal.invokers.TestInvoker.invokeMethod(TestInvoker.java:621)
	at org.testng.internal.invokers.TestInvoker.invokeTestMethod(TestInvoker.java:230)
	at org.testng.internal.invokers.MethodRunner.runInSequence(MethodRunner.java:63)
	at org.testng.internal.invokers.TestInvoker$MethodInvocationAgent.invoke(TestInvoker.java:992)
	at org.testng.internal.invokers.TestInvoker.invokeTestMethods(TestInvoker.java:203)
	at org.testng.internal.invokers.TestMethodWorker.invokeTestMethods(TestMethodWorker.java:154)
	at org.testng.internal.invokers.TestMethodWorker.run(TestMethodWorker.java:134)
	at java.base/java.util.ArrayList.forEach(ArrayList.java:1541)
	at org.testng.TestRunner.privateRun(TestRunner.java:739)
	at org.testng.TestRunner.run(TestRunner.java:614)
	at org.testng.SuiteRunner.runTest(SuiteRunner.java:421)
	at org.testng.SuiteRunner$SuiteWorker.run(SuiteRunner.java:463)
	at org.testng.internal.thread.ThreadUtil.lambda$execute$0(ThreadUtil.java:64)
	at java.base/java.util.concurrent.FutureTask.run(FutureTask.java:264)
	at java.base/java.util.concurrent.ThreadPoolExecutor.runWorker(ThreadPoolExecutor.java:1128)
	at java.base/java.util.concurrent.ThreadPoolExecutor$Worker.run(ThreadPoolExecutor.java:628)
	at java.base/java.lang.Thread.run(Thread.java:834)

